<?xml version="1.0" encoding="UTF-8"?>
<testsuite name="duke.DukeTest" tests="2" skipped="0" failures="0" errors="0" timestamp="2020-08-31T16:09:49" hostname="mba-aki.local" time="0.082">
  <properties/>
  <testcase name="addAndDeleteTodo()" classname="duke.DukeTest" time="0.073"/>
  <testcase name="addTodo()" classname="duke.DukeTest" time="0.004"/>
  <system-out><![CDATA[Got it. I've added this task:
[T][✘] homework
Now you have 1 tasks in the list.
Noted. I've removed this task: 
[T][✘] homework
Now you have 0 tasks in the list.
Got it. I've added this task:
[T][✘] homework
Now you have 1 tasks in the list.
]]></system-out>
  <system-err><![CDATA[]]></system-err>
</testsuite>
